============================= test session starts ==============================
platform linux -- Python 3.12.12, pytest-8.4.2, pluggy-1.6.0
rootdir: /app
plugins: base-url-2.1.0, playwright-0.7.1
collected 1 item

jules-scratch/verification/verify_kitchen_images.py F                    [100%]

=================================== FAILURES ===================================
________________________ test_kitchen_images[chromium] _________________________

page = <Page url='http://localhost:4200/'>

    def test_kitchen_images(page: Page):
        """
        This test verifies that the new kitchen images are displayed on the kitchen remodeling page.
        """
        # 1. Arrange: Go to the kitchen remodeling page.
        page.goto("http://localhost:4200/gallery/kitchen-remodeling")

        # Capture console logs
        page.on("console", lambda msg: print(f"Browser console: {msg.text()}"))

        # 2. Screenshot: Capture the page for debugging.
        page.screenshot(path="jules-scratch/verification/verification.png")

        # 3. Assert: Check that the new images are present.
>       expect(page.locator('img[src="assets/images/kitchen-remodeling/kitchen-9.png"]')).to_be_visible()
E       AssertionError: Locator expected to be visible
E       Actual value: <element(s) not found>
E       Call log:
E         - Expect "to_be_visible" with timeout 5000ms
E         - waiting for locator("img[src=\"assets/images/kitchen-remodeling/kitchen-9.png\"]")

jules-scratch/verification/verify_kitchen_images.py:17: AssertionError
=========================== short test summary info ============================
FAILED jules-scratch/verification/verify_kitchen_images.py::test_kitchen_images[chromium]
============================== 1 failed in 6.04s ===============================
